<?xml version="1.0" encoding="UTF-8"?>
<coverage generated="1583141551245" clover="3.2.0">
  <project timestamp="1583141551246" name="All files">
    <metrics statements="108" coveredstatements="77" conditionals="35" coveredconditionals="24" methods="50" coveredmethods="23" elements="193" coveredelements="124" complexity="0" loc="108" ncloc="108" packages="6" files="16" classes="16"/>
    <package name="src">
      <metrics statements="1" coveredstatements="1" conditionals="0" coveredconditionals="0" methods="1" coveredmethods="1"/>
      <file name="App.js" path="/Users/wycliffkasirye/Desktop/projects/MoviesDatabase/src/App.js">
        <metrics statements="1" coveredstatements="1" conditionals="0" coveredconditionals="0" methods="1" coveredmethods="1"/>
        <line num="13" count="1" type="stmt"/>
      </file>
    </package>
    <package name="src.actions">
      <metrics statements="28" coveredstatements="11" conditionals="0" coveredconditionals="0" methods="16" coveredmethods="0"/>
      <file name="getGenres.js" path="/Users/wycliffkasirye/Desktop/projects/MoviesDatabase/src/actions/getGenres.js">
        <metrics statements="7" coveredstatements="3" conditionals="0" coveredconditionals="0" methods="4" coveredmethods="0"/>
        <line num="1" count="2" type="stmt"/>
        <line num="2" count="2" type="stmt"/>
        <line num="6" count="2" type="stmt"/>
        <line num="7" count="0" type="stmt"/>
        <line num="8" count="0" type="stmt"/>
        <line num="11" count="0" type="stmt"/>
        <line num="17" count="0" type="stmt"/>
      </file>
      <file name="getMovie.js" path="/Users/wycliffkasirye/Desktop/projects/MoviesDatabase/src/actions/getMovie.js">
        <metrics statements="7" coveredstatements="2" conditionals="0" coveredconditionals="0" methods="4" coveredmethods="0"/>
        <line num="2" count="2" type="stmt"/>
        <line num="3" count="2" type="stmt"/>
        <line num="4" count="0" type="stmt"/>
        <line num="5" count="0" type="stmt"/>
        <line num="6" count="0" type="stmt"/>
        <line num="9" count="0" type="stmt"/>
        <line num="15" count="0" type="stmt"/>
      </file>
      <file name="getMovies.js" path="/Users/wycliffkasirye/Desktop/projects/MoviesDatabase/src/actions/getMovies.js">
        <metrics statements="7" coveredstatements="3" conditionals="0" coveredconditionals="0" methods="4" coveredmethods="0"/>
        <line num="2" count="2" type="stmt"/>
        <line num="3" count="2" type="stmt"/>
        <line num="5" count="2" type="stmt"/>
        <line num="6" count="0" type="stmt"/>
        <line num="7" count="0" type="stmt"/>
        <line num="10" count="0" type="stmt"/>
        <line num="16" count="0" type="stmt"/>
      </file>
      <file name="loadMore.js" path="/Users/wycliffkasirye/Desktop/projects/MoviesDatabase/src/actions/loadMore.js">
        <metrics statements="7" coveredstatements="3" conditionals="0" coveredconditionals="0" methods="4" coveredmethods="0"/>
        <line num="2" count="2" type="stmt"/>
        <line num="3" count="2" type="stmt"/>
        <line num="5" count="2" type="stmt"/>
        <line num="6" count="0" type="stmt"/>
        <line num="7" count="0" type="stmt"/>
        <line num="10" count="0" type="stmt"/>
        <line num="16" count="0" type="stmt"/>
      </file>
    </package>
    <package name="src.commons">
      <metrics statements="4" coveredstatements="4" conditionals="0" coveredconditionals="0" methods="2" coveredmethods="2"/>
      <file name="Header.js" path="/Users/wycliffkasirye/Desktop/projects/MoviesDatabase/src/commons/Header.js">
        <metrics statements="2" coveredstatements="2" conditionals="0" coveredconditionals="0" methods="1" coveredmethods="1"/>
        <line num="4" count="2" type="stmt"/>
        <line num="5" count="1" type="stmt"/>
      </file>
      <file name="NotFound.js" path="/Users/wycliffkasirye/Desktop/projects/MoviesDatabase/src/commons/NotFound.js">
        <metrics statements="2" coveredstatements="2" conditionals="0" coveredconditionals="0" methods="1" coveredmethods="1"/>
        <line num="3" count="2" type="stmt"/>
        <line num="4" count="1" type="stmt"/>
      </file>
    </package>
    <package name="src.components">
      <metrics statements="56" coveredstatements="44" conditionals="24" coveredconditionals="15" methods="26" coveredmethods="15"/>
      <file name="Cart.js" path="/Users/wycliffkasirye/Desktop/projects/MoviesDatabase/src/components/Cart.js">
        <metrics statements="5" coveredstatements="5" conditionals="4" coveredconditionals="4" methods="3" coveredmethods="3"/>
        <line num="5" count="1" type="stmt"/>
        <line num="10" count="1" type="stmt"/>
        <line num="11" count="1" type="stmt"/>
        <line num="14" count="2" type="stmt"/>
        <line num="18" count="1" type="stmt"/>
      </file>
      <file name="Home.js" path="/Users/wycliffkasirye/Desktop/projects/MoviesDatabase/src/components/Home.js">
        <metrics statements="21" coveredstatements="15" conditionals="6" coveredconditionals="5" methods="12" coveredmethods="4"/>
        <line num="11" count="1" type="stmt"/>
        <line num="18" count="1" type="stmt"/>
        <line num="19" count="1" type="stmt"/>
        <line num="22" count="1" type="stmt"/>
        <line num="23" count="2" type="stmt"/>
        <line num="24" count="2" type="stmt"/>
        <line num="25" count="2" type="stmt"/>
        <line num="26" count="2" type="stmt"/>
        <line num="29" count="1" type="stmt"/>
        <line num="30" count="0" type="stmt"/>
        <line num="31" count="0" type="stmt"/>
        <line num="33" count="0" type="stmt"/>
        <line num="39" count="3" type="stmt"/>
        <line num="40" count="3" type="stmt"/>
        <line num="42" count="3" type="stmt"/>
        <line num="69" count="6" type="stmt"/>
        <line num="99" count="2" type="stmt"/>
        <line num="103" count="2" type="stmt"/>
        <line num="104" count="0" type="stmt"/>
        <line num="105" count="0" type="stmt"/>
        <line num="106" count="0" type="stmt"/>
      </file>
      <file name="Movie.js" path="/Users/wycliffkasirye/Desktop/projects/MoviesDatabase/src/components/Movie.js">
        <metrics statements="2" coveredstatements="2" conditionals="0" coveredconditionals="0" methods="1" coveredmethods="1"/>
        <line num="4" count="4" type="stmt"/>
        <line num="5" count="1" type="stmt"/>
      </file>
      <file name="MovieDetails.js" path="/Users/wycliffkasirye/Desktop/projects/MoviesDatabase/src/components/MovieDetails.js">
        <metrics statements="10" coveredstatements="10" conditionals="6" coveredconditionals="3" methods="5" coveredmethods="4"/>
        <line num="7" count="1" type="stmt"/>
        <line num="11" count="1" type="cond" truecount="1" falsecount="1"/>
        <line num="14" count="1" type="stmt"/>
        <line num="15" count="1" type="stmt"/>
        <line num="16" count="1" type="stmt"/>
        <line num="19" count="1" type="stmt"/>
        <line num="22" count="1" type="stmt"/>
        <line num="24" count="1" type="stmt"/>
        <line num="65" count="1" type="stmt"/>
        <line num="82" count="2" type="stmt"/>
      </file>
      <file name="MovieList.js" path="/Users/wycliffkasirye/Desktop/projects/MoviesDatabase/src/components/MovieList.js">
        <metrics statements="18" coveredstatements="12" conditionals="8" coveredconditionals="3" methods="5" coveredmethods="3"/>
        <line num="5" count="3" type="stmt"/>
        <line num="6" count="3" type="cond" truecount="2" falsecount="0"/>
        <line num="7" count="2" type="stmt"/>
        <line num="10" count="1" type="stmt"/>
        <line num="11" count="1" type="stmt"/>
        <line num="13" count="1" type="stmt"/>
        <line num="14" count="0" type="cond" truecount="0" falsecount="2"/>
        <line num="15" count="0" type="cond" truecount="0" falsecount="2"/>
        <line num="16" count="0" type="stmt"/>
        <line num="21" count="1" type="stmt"/>
        <line num="22" count="1" type="stmt"/>
        <line num="23" count="1" type="cond" truecount="1" falsecount="1"/>
        <line num="24" count="0" type="stmt"/>
        <line num="27" count="0" type="stmt"/>
        <line num="30" count="1" type="stmt"/>
        <line num="31" count="0" type="stmt"/>
        <line num="35" count="1" type="stmt"/>
        <line num="39" count="1" type="stmt"/>
      </file>
    </package>
    <package name="src.reducers">
      <metrics statements="17" coveredstatements="15" conditionals="11" coveredconditionals="9" methods="4" coveredmethods="4"/>
      <file name="genreReducer.js" path="/Users/wycliffkasirye/Desktop/projects/MoviesDatabase/src/reducers/genreReducer.js">
        <metrics statements="7" coveredstatements="7" conditionals="4" coveredconditionals="4" methods="2" coveredmethods="2"/>
        <line num="1" count="3" type="stmt"/>
        <line num="2" count="9" type="cond" truecount="3" falsecount="0"/>
        <line num="4" count="1" type="stmt"/>
        <line num="11" count="1" type="stmt"/>
        <line num="17" count="7" type="stmt"/>
        <line num="22" count="3" type="stmt"/>
        <line num="27" count="9" type="cond" truecount="1" falsecount="0"/>
      </file>
      <file name="movieReducer.js" path="/Users/wycliffkasirye/Desktop/projects/MoviesDatabase/src/reducers/movieReducer.js">
        <metrics statements="10" coveredstatements="8" conditionals="7" coveredconditionals="5" methods="2" coveredmethods="2"/>
        <line num="1" count="3" type="stmt"/>
        <line num="2" count="10" type="cond" truecount="4" falsecount="2"/>
        <line num="4" count="1" type="stmt"/>
        <line num="11" count="0" type="stmt"/>
        <line num="18" count="1" type="stmt"/>
        <line num="24" count="1" type="stmt"/>
        <line num="30" count="0" type="stmt"/>
        <line num="36" count="7" type="stmt"/>
        <line num="41" count="3" type="stmt"/>
        <line num="47" count="10" type="cond" truecount="1" falsecount="0"/>
      </file>
      <file name="rootReducer.js" path="/Users/wycliffkasirye/Desktop/projects/MoviesDatabase/src/reducers/rootReducer.js">
        <metrics statements="0" coveredstatements="0" conditionals="0" coveredconditionals="0" methods="0" coveredmethods="0"/>
      </file>
    </package>
    <package name="src.utils">
      <metrics statements="2" coveredstatements="2" conditionals="0" coveredconditionals="0" methods="1" coveredmethods="1"/>
      <file name="Loader.js" path="/Users/wycliffkasirye/Desktop/projects/MoviesDatabase/src/utils/Loader.js">
        <metrics statements="2" coveredstatements="2" conditionals="0" coveredconditionals="0" methods="1" coveredmethods="1"/>
        <line num="3" count="5" type="stmt"/>
        <line num="4" count="4" type="stmt"/>
      </file>
    </package>
  </project>
</coverage>
