{"/Users/wycliffkasirye/Desktop/projects/MoviesDatabase/src/App.js": {"path":"/Users/wycliffkasirye/Desktop/projects/MoviesDatabase/src/App.js","statementMap":{"0":{"start":{"line":13,"column":4},"end":{"line":26,"column":6}}},"fnMap":{"0":{"name":"(anonymous_0)","decl":{"start":{"line":12,"column":2},"end":{"line":12,"column":3}},"loc":{"start":{"line":12,"column":11},"end":{"line":27,"column":3}},"line":12}},"branchMap":{},"s":{"0":1},"f":{"0":1},"b":{},"_coverageSchema":"1a1c01bbd47fc00a2c39e90264f33305004495a9","hash":"5328e7506b2fba283feb0289cb413521a406bc77"}
,"/Users/wycliffkasirye/Desktop/projects/MoviesDatabase/src/actions/getGenres.js": {"path":"/Users/wycliffkasirye/Desktop/projects/MoviesDatabase/src/actions/getGenres.js","statementMap":{"0":{"start":{"line":1,"column":17},"end":{"line":1,"column":38}},"1":{"start":{"line":2,"column":18},"end":{"line":2,"column":100}},"2":{"start":{"line":6,"column":22},"end":{"line":23,"column":1}},"3":{"start":{"line":7,"column":2},"end":{"line":22,"column":4}},"4":{"start":{"line":8,"column":4},"end":{"line":21,"column":9}},"5":{"start":{"line":11,"column":8},"end":{"line":14,"column":11}},"6":{"start":{"line":17,"column":8},"end":{"line":20,"column":11}}},"fnMap":{"0":{"name":"(anonymous_0)","decl":{"start":{"line":6,"column":22},"end":{"line":6,"column":23}},"loc":{"start":{"line":6,"column":28},"end":{"line":23,"column":1}},"line":6},"1":{"name":"(anonymous_1)","decl":{"start":{"line":7,"column":9},"end":{"line":7,"column":10}},"loc":{"start":{"line":7,"column":21},"end":{"line":22,"column":3}},"line":7},"2":{"name":"(anonymous_2)","decl":{"start":{"line":10,"column":12},"end":{"line":10,"column":13}},"loc":{"start":{"line":10,"column":20},"end":{"line":15,"column":7}},"line":10},"3":{"name":"(anonymous_3)","decl":{"start":{"line":16,"column":13},"end":{"line":16,"column":14}},"loc":{"start":{"line":16,"column":22},"end":{"line":21,"column":7}},"line":16}},"branchMap":{},"s":{"0":2,"1":2,"2":2,"3":0,"4":0,"5":0,"6":0},"f":{"0":0,"1":0,"2":0,"3":0},"b":{},"_coverageSchema":"1a1c01bbd47fc00a2c39e90264f33305004495a9","hash":"59de4daf1ea0ba5fd07c6f4827c228dce83cc102"}
,"/Users/wycliffkasirye/Desktop/projects/MoviesDatabase/src/actions/getMovie.js": {"path":"/Users/wycliffkasirye/Desktop/projects/MoviesDatabase/src/actions/getMovie.js","statementMap":{"0":{"start":{"line":2,"column":17},"end":{"line":2,"column":38}},"1":{"start":{"line":3,"column":21},"end":{"line":21,"column":1}},"2":{"start":{"line":4,"column":20},"end":{"line":4,"column":102}},"3":{"start":{"line":5,"column":2},"end":{"line":20,"column":4}},"4":{"start":{"line":6,"column":4},"end":{"line":19,"column":9}},"5":{"start":{"line":9,"column":8},"end":{"line":12,"column":11}},"6":{"start":{"line":15,"column":8},"end":{"line":18,"column":11}}},"fnMap":{"0":{"name":"(anonymous_0)","decl":{"start":{"line":3,"column":21},"end":{"line":3,"column":22}},"loc":{"start":{"line":3,"column":32},"end":{"line":21,"column":1}},"line":3},"1":{"name":"(anonymous_1)","decl":{"start":{"line":5,"column":9},"end":{"line":5,"column":10}},"loc":{"start":{"line":5,"column":21},"end":{"line":20,"column":3}},"line":5},"2":{"name":"(anonymous_2)","decl":{"start":{"line":8,"column":12},"end":{"line":8,"column":13}},"loc":{"start":{"line":8,"column":20},"end":{"line":13,"column":7}},"line":8},"3":{"name":"(anonymous_3)","decl":{"start":{"line":14,"column":13},"end":{"line":14,"column":14}},"loc":{"start":{"line":14,"column":22},"end":{"line":19,"column":7}},"line":14}},"branchMap":{},"s":{"0":2,"1":2,"2":0,"3":0,"4":0,"5":0,"6":0},"f":{"0":0,"1":0,"2":0,"3":0},"b":{},"_coverageSchema":"1a1c01bbd47fc00a2c39e90264f33305004495a9","hash":"1d8bfe19cf0cad864627ed021cba19bc01bb10af"}
,"/Users/wycliffkasirye/Desktop/projects/MoviesDatabase/src/actions/getMovies.js": {"path":"/Users/wycliffkasirye/Desktop/projects/MoviesDatabase/src/actions/getMovies.js","statementMap":{"0":{"start":{"line":2,"column":17},"end":{"line":2,"column":38}},"1":{"start":{"line":3,"column":18},"end":{"line":3,"column":111}},"2":{"start":{"line":5,"column":18},"end":{"line":22,"column":1}},"3":{"start":{"line":6,"column":2},"end":{"line":21,"column":4}},"4":{"start":{"line":7,"column":4},"end":{"line":20,"column":9}},"5":{"start":{"line":10,"column":8},"end":{"line":13,"column":11}},"6":{"start":{"line":16,"column":8},"end":{"line":19,"column":11}}},"fnMap":{"0":{"name":"(anonymous_0)","decl":{"start":{"line":5,"column":18},"end":{"line":5,"column":19}},"loc":{"start":{"line":5,"column":32},"end":{"line":22,"column":1}},"line":5},"1":{"name":"(anonymous_1)","decl":{"start":{"line":6,"column":9},"end":{"line":6,"column":10}},"loc":{"start":{"line":6,"column":21},"end":{"line":21,"column":3}},"line":6},"2":{"name":"(anonymous_2)","decl":{"start":{"line":9,"column":12},"end":{"line":9,"column":13}},"loc":{"start":{"line":9,"column":20},"end":{"line":14,"column":7}},"line":9},"3":{"name":"(anonymous_3)","decl":{"start":{"line":15,"column":13},"end":{"line":15,"column":14}},"loc":{"start":{"line":15,"column":22},"end":{"line":20,"column":7}},"line":15}},"branchMap":{},"s":{"0":2,"1":2,"2":2,"3":0,"4":0,"5":0,"6":0},"f":{"0":0,"1":0,"2":0,"3":0},"b":{},"_coverageSchema":"1a1c01bbd47fc00a2c39e90264f33305004495a9","hash":"20e5b58d4866f51b8e38b16bca5dac37a0086165"}
,"/Users/wycliffkasirye/Desktop/projects/MoviesDatabase/src/actions/loadMore.js": {"path":"/Users/wycliffkasirye/Desktop/projects/MoviesDatabase/src/actions/loadMore.js","statementMap":{"0":{"start":{"line":2,"column":17},"end":{"line":2,"column":38}},"1":{"start":{"line":3,"column":18},"end":{"line":3,"column":111}},"2":{"start":{"line":5,"column":19},"end":{"line":22,"column":1}},"3":{"start":{"line":6,"column":2},"end":{"line":21,"column":4}},"4":{"start":{"line":7,"column":4},"end":{"line":20,"column":9}},"5":{"start":{"line":10,"column":8},"end":{"line":13,"column":11}},"6":{"start":{"line":16,"column":8},"end":{"line":19,"column":11}}},"fnMap":{"0":{"name":"(anonymous_0)","decl":{"start":{"line":5,"column":19},"end":{"line":5,"column":20}},"loc":{"start":{"line":5,"column":33},"end":{"line":22,"column":1}},"line":5},"1":{"name":"(anonymous_1)","decl":{"start":{"line":6,"column":9},"end":{"line":6,"column":10}},"loc":{"start":{"line":6,"column":21},"end":{"line":21,"column":3}},"line":6},"2":{"name":"(anonymous_2)","decl":{"start":{"line":9,"column":12},"end":{"line":9,"column":13}},"loc":{"start":{"line":9,"column":20},"end":{"line":14,"column":7}},"line":9},"3":{"name":"(anonymous_3)","decl":{"start":{"line":15,"column":13},"end":{"line":15,"column":14}},"loc":{"start":{"line":15,"column":22},"end":{"line":20,"column":7}},"line":15}},"branchMap":{},"s":{"0":2,"1":2,"2":2,"3":0,"4":0,"5":0,"6":0},"f":{"0":0,"1":0,"2":0,"3":0},"b":{},"_coverageSchema":"1a1c01bbd47fc00a2c39e90264f33305004495a9","hash":"1f064ce2f4a5861dc3212e522f16a010261ffb08"}
,"/Users/wycliffkasirye/Desktop/projects/MoviesDatabase/src/commons/Header.js": {"path":"/Users/wycliffkasirye/Desktop/projects/MoviesDatabase/src/commons/Header.js","statementMap":{"0":{"start":{"line":4,"column":15},"end":{"line":37,"column":1}},"1":{"start":{"line":5,"column":2},"end":{"line":36,"column":4}}},"fnMap":{"0":{"name":"(anonymous_0)","decl":{"start":{"line":4,"column":15},"end":{"line":4,"column":16}},"loc":{"start":{"line":4,"column":21},"end":{"line":37,"column":1}},"line":4}},"branchMap":{},"s":{"0":2,"1":1},"f":{"0":1},"b":{},"_coverageSchema":"1a1c01bbd47fc00a2c39e90264f33305004495a9","hash":"9afd495b5f9b998a9ecaf3b7da158b3355f7a79d"}
,"/Users/wycliffkasirye/Desktop/projects/MoviesDatabase/src/commons/NotFound.js": {"path":"/Users/wycliffkasirye/Desktop/projects/MoviesDatabase/src/commons/NotFound.js","statementMap":{"0":{"start":{"line":3,"column":17},"end":{"line":8,"column":1}},"1":{"start":{"line":4,"column":2},"end":{"line":7,"column":8}}},"fnMap":{"0":{"name":"(anonymous_0)","decl":{"start":{"line":3,"column":17},"end":{"line":3,"column":18}},"loc":{"start":{"line":4,"column":2},"end":{"line":7,"column":8}},"line":4}},"branchMap":{},"s":{"0":2,"1":1},"f":{"0":1},"b":{},"_coverageSchema":"1a1c01bbd47fc00a2c39e90264f33305004495a9","hash":"1b75afd9fc72649b288109c820d670bad46ea634"}
,"/Users/wycliffkasirye/Desktop/projects/MoviesDatabase/src/components/Cart.js": {"path":"/Users/wycliffkasirye/Desktop/projects/MoviesDatabase/src/components/Cart.js","statementMap":{"0":{"start":{"line":5,"column":10},"end":{"line":7,"column":3}},"1":{"start":{"line":10,"column":19},"end":{"line":10,"column":61}},"2":{"start":{"line":11,"column":4},"end":{"line":11,"column":30}},"3":{"start":{"line":14,"column":4},"end":{"line":33,"column":6}},"4":{"start":{"line":18,"column":12},"end":{"line":24,"column":18}}},"fnMap":{"0":{"name":"(anonymous_0)","decl":{"start":{"line":9,"column":2},"end":{"line":9,"column":3}},"loc":{"start":{"line":9,"column":23},"end":{"line":12,"column":3}},"line":9},"1":{"name":"(anonymous_1)","decl":{"start":{"line":13,"column":2},"end":{"line":13,"column":3}},"loc":{"start":{"line":13,"column":11},"end":{"line":34,"column":3}},"line":13},"2":{"name":"(anonymous_2)","decl":{"start":{"line":17,"column":32},"end":{"line":17,"column":33}},"loc":{"start":{"line":18,"column":12},"end":{"line":24,"column":18}},"line":18}},"branchMap":{"0":{"loc":{"start":{"line":16,"column":9},"end":{"line":31,"column":9}},"type":"cond-expr","locations":[{"start":{"line":17,"column":10},"end":{"line":25,"column":12}},{"start":{"line":27,"column":10},"end":{"line":30,"column":16}}],"line":16},"1":{"loc":{"start":{"line":16,"column":9},"end":{"line":16,"column":54}},"type":"binary-expr","locations":[{"start":{"line":16,"column":9},"end":{"line":16,"column":26}},{"start":{"line":16,"column":30},"end":{"line":16,"column":54}}],"line":16}},"s":{"0":1,"1":1,"2":1,"3":2,"4":1},"f":{"0":1,"1":2,"2":1},"b":{"0":[1,1],"1":[2,1]},"_coverageSchema":"1a1c01bbd47fc00a2c39e90264f33305004495a9","hash":"61ec18f41a68d51f6477eac2a3cca26dfd25c5e1"}
,"/Users/wycliffkasirye/Desktop/projects/MoviesDatabase/src/components/Home.js": {"path":"/Users/wycliffkasirye/Desktop/projects/MoviesDatabase/src/components/Home.js","statementMap":{"0":{"start":{"line":11,"column":10},"end":{"line":15,"column":3}},"1":{"start":{"line":18,"column":26},"end":{"line":18,"column":36}},"2":{"start":{"line":19,"column":4},"end":{"line":19,"column":16}},"3":{"start":{"line":22,"column":27},"end":{"line":27,"column":3}},"4":{"start":{"line":23,"column":26},"end":{"line":23,"column":36}},"5":{"start":{"line":24,"column":21},"end":{"line":24,"column":39}},"6":{"start":{"line":25,"column":4},"end":{"line":25,"column":27}},"7":{"start":{"line":26,"column":4},"end":{"line":26,"column":48}},"8":{"start":{"line":29,"column":17},"end":{"line":36,"column":3}},"9":{"start":{"line":30,"column":4},"end":{"line":35,"column":6}},"10":{"start":{"line":31,"column":20},"end":{"line":31,"column":62}},"11":{"start":{"line":33,"column":8},"end":{"line":33,"column":72}},"12":{"start":{"line":39,"column":42},"end":{"line":39,"column":66}},"13":{"start":{"line":40,"column":52},"end":{"line":40,"column":75}},"14":{"start":{"line":42,"column":4},"end":{"line":95,"column":6}},"15":{"start":{"line":69,"column":20},"end":{"line":71,"column":29}},"16":{"start":{"line":99,"column":31},"end":{"line":102,"column":2}},"17":{"start":{"line":99,"column":69},"end":{"line":102,"column":1}},"18":{"start":{"line":103,"column":34},"end":{"line":107,"column":2}},"19":{"start":{"line":103,"column":47},"end":{"line":107,"column":1}},"20":{"start":{"line":104,"column":19},"end":{"line":104,"column":37}},"21":{"start":{"line":105,"column":27},"end":{"line":105,"column":53}},"22":{"start":{"line":106,"column":32},"end":{"line":106,"column":56}}},"fnMap":{"0":{"name":"(anonymous_0)","decl":{"start":{"line":17,"column":2},"end":{"line":17,"column":3}},"loc":{"start":{"line":17,"column":22},"end":{"line":20,"column":3}},"line":17},"1":{"name":"(anonymous_1)","decl":{"start":{"line":22,"column":27},"end":{"line":22,"column":28}},"loc":{"start":{"line":22,"column":36},"end":{"line":27,"column":3}},"line":22},"2":{"name":"(anonymous_2)","decl":{"start":{"line":29,"column":17},"end":{"line":29,"column":18}},"loc":{"start":{"line":29,"column":23},"end":{"line":36,"column":3}},"line":29},"3":{"name":"(anonymous_3)","decl":{"start":{"line":31,"column":6},"end":{"line":31,"column":7}},"loc":{"start":{"line":31,"column":20},"end":{"line":31,"column":62}},"line":31},"4":{"name":"(anonymous_4)","decl":{"start":{"line":32,"column":6},"end":{"line":32,"column":7}},"loc":{"start":{"line":32,"column":12},"end":{"line":34,"column":7}},"line":32},"5":{"name":"(anonymous_5)","decl":{"start":{"line":38,"column":2},"end":{"line":38,"column":3}},"loc":{"start":{"line":38,"column":11},"end":{"line":96,"column":3}},"line":38},"6":{"name":"(anonymous_6)","decl":{"start":{"line":68,"column":30},"end":{"line":68,"column":31}},"loc":{"start":{"line":69,"column":20},"end":{"line":71,"column":29}},"line":69},"7":{"name":"(anonymous_7)","decl":{"start":{"line":99,"column":31},"end":{"line":99,"column":32}},"loc":{"start":{"line":99,"column":69},"end":{"line":102,"column":1}},"line":99},"8":{"name":"(anonymous_8)","decl":{"start":{"line":103,"column":34},"end":{"line":103,"column":35}},"loc":{"start":{"line":103,"column":47},"end":{"line":107,"column":1}},"line":103},"9":{"name":"(anonymous_9)","decl":{"start":{"line":104,"column":13},"end":{"line":104,"column":14}},"loc":{"start":{"line":104,"column":19},"end":{"line":104,"column":37}},"line":104},"10":{"name":"(anonymous_10)","decl":{"start":{"line":105,"column":13},"end":{"line":105,"column":14}},"loc":{"start":{"line":105,"column":27},"end":{"line":105,"column":53}},"line":105},"11":{"name":"(anonymous_11)","decl":{"start":{"line":106,"column":18},"end":{"line":106,"column":19}},"loc":{"start":{"line":106,"column":32},"end":{"line":106,"column":56}},"line":106}},"branchMap":{"0":{"loc":{"start":{"line":44,"column":9},"end":{"line":93,"column":9}},"type":"cond-expr","locations":[{"start":{"line":45,"column":10},"end":{"line":50,"column":14}},{"start":{"line":52,"column":10},"end":{"line":92,"column":16}}],"line":44},"1":{"loc":{"start":{"line":44,"column":9},"end":{"line":44,"column":34}},"type":"binary-expr","locations":[{"start":{"line":44,"column":9},"end":{"line":44,"column":19}},{"start":{"line":44,"column":23},"end":{"line":44,"column":34}}],"line":44},"2":{"loc":{"start":{"line":77,"column":17},"end":{"line":89,"column":17}},"type":"cond-expr","locations":[{"start":{"line":78,"column":18},"end":{"line":82,"column":24}},{"start":{"line":84,"column":18},"end":{"line":88,"column":20}}],"line":77}},"s":{"0":1,"1":1,"2":1,"3":1,"4":2,"5":2,"6":2,"7":2,"8":1,"9":0,"10":0,"11":0,"12":3,"13":3,"14":3,"15":6,"16":2,"17":0,"18":2,"19":0,"20":0,"21":0,"22":0},"f":{"0":1,"1":2,"2":0,"3":0,"4":0,"5":3,"6":6,"7":0,"8":0,"9":0,"10":0,"11":0},"b":{"0":[0,3],"1":[3,3],"2":[1,2]},"_coverageSchema":"1a1c01bbd47fc00a2c39e90264f33305004495a9","hash":"8369f0966d911a93c356b04b5ecef5263ecb01b8"}
,"/Users/wycliffkasirye/Desktop/projects/MoviesDatabase/src/components/Movie.js": {"path":"/Users/wycliffkasirye/Desktop/projects/MoviesDatabase/src/components/Movie.js","statementMap":{"0":{"start":{"line":4,"column":14},"end":{"line":25,"column":1}},"1":{"start":{"line":5,"column":2},"end":{"line":24,"column":8}}},"fnMap":{"0":{"name":"(anonymous_0)","decl":{"start":{"line":4,"column":14},"end":{"line":4,"column":15}},"loc":{"start":{"line":5,"column":2},"end":{"line":24,"column":8}},"line":5}},"branchMap":{},"s":{"0":4,"1":1},"f":{"0":1},"b":{},"_coverageSchema":"1a1c01bbd47fc00a2c39e90264f33305004495a9","hash":"0c10710fc2370580cde3dc0b27924c2e0e62eaa3"}
,"/Users/wycliffkasirye/Desktop/projects/MoviesDatabase/src/components/MovieDetails.js": {"path":"/Users/wycliffkasirye/Desktop/projects/MoviesDatabase/src/components/MovieDetails.js","statementMap":{"0":{"start":{"line":7,"column":10},"end":{"line":9,"column":3}},"1":{"start":{"line":11,"column":22},"end":{"line":13,"column":10}},"2":{"start":{"line":14,"column":4},"end":{"line":14,"column":28}},"3":{"start":{"line":15,"column":4},"end":{"line":15,"column":64}},"4":{"start":{"line":16,"column":4},"end":{"line":16,"column":43}},"5":{"start":{"line":19,"column":4},"end":{"line":19,"column":52}},"6":{"start":{"line":22,"column":22},"end":{"line":22,"column":32}},"7":{"start":{"line":24,"column":4},"end":{"line":78,"column":6}},"8":{"start":{"line":65,"column":37},"end":{"line":65,"column":58}},"9":{"start":{"line":82,"column":31},"end":{"line":85,"column":2}},"10":{"start":{"line":82,"column":54},"end":{"line":85,"column":1}}},"fnMap":{"0":{"name":"(anonymous_0)","decl":{"start":{"line":10,"column":2},"end":{"line":10,"column":3}},"loc":{"start":{"line":10,"column":19},"end":{"line":17,"column":3}},"line":10},"1":{"name":"(anonymous_1)","decl":{"start":{"line":18,"column":2},"end":{"line":18,"column":3}},"loc":{"start":{"line":18,"column":30},"end":{"line":20,"column":3}},"line":18},"2":{"name":"(anonymous_2)","decl":{"start":{"line":21,"column":2},"end":{"line":21,"column":3}},"loc":{"start":{"line":21,"column":11},"end":{"line":79,"column":3}},"line":21},"3":{"name":"(anonymous_3)","decl":{"start":{"line":65,"column":31},"end":{"line":65,"column":32}},"loc":{"start":{"line":65,"column":37},"end":{"line":65,"column":58}},"line":65},"4":{"name":"(anonymous_4)","decl":{"start":{"line":82,"column":31},"end":{"line":82,"column":32}},"loc":{"start":{"line":82,"column":54},"end":{"line":85,"column":1}},"line":82}},"branchMap":{"0":{"loc":{"start":{"line":11,"column":22},"end":{"line":13,"column":10}},"type":"cond-expr","locations":[{"start":{"line":12,"column":8},"end":{"line":12,"column":50}},{"start":{"line":13,"column":8},"end":{"line":13,"column":10}}],"line":11},"1":{"loc":{"start":{"line":26,"column":9},"end":{"line":76,"column":9}},"type":"cond-expr","locations":[{"start":{"line":27,"column":10},"end":{"line":73,"column":16}},{"start":{"line":75,"column":10},"end":{"line":75,"column":20}}],"line":26},"2":{"loc":{"start":{"line":39,"column":22},"end":{"line":39,"column":54}},"type":"cond-expr","locations":[{"start":{"line":39,"column":30},"end":{"line":39,"column":47}},{"start":{"line":39,"column":50},"end":{"line":39,"column":54}}],"line":39}},"s":{"0":1,"1":1,"2":1,"3":1,"4":1,"5":1,"6":1,"7":1,"8":1,"9":2,"10":0},"f":{"0":1,"1":1,"2":1,"3":1,"4":0},"b":{"0":[0,1],"1":[1,0],"2":[1,0]},"_coverageSchema":"1a1c01bbd47fc00a2c39e90264f33305004495a9","hash":"4d2bd8e366d353b6fee4bcc4072a9992786d47e6"}
,"/Users/wycliffkasirye/Desktop/projects/MoviesDatabase/src/components/MovieList.js": {"path":"/Users/wycliffkasirye/Desktop/projects/MoviesDatabase/src/components/MovieList.js","statementMap":{"0":{"start":{"line":5,"column":18},"end":{"line":49,"column":1}},"1":{"start":{"line":6,"column":2},"end":{"line":8,"column":3}},"2":{"start":{"line":7,"column":4},"end":{"line":7,"column":22}},"3":{"start":{"line":10,"column":20},"end":{"line":10,"column":28}},"4":{"start":{"line":11,"column":22},"end":{"line":11,"column":30}},"5":{"start":{"line":13,"column":29},"end":{"line":19,"column":3}},"6":{"start":{"line":14,"column":4},"end":{"line":18,"column":5}},"7":{"start":{"line":15,"column":6},"end":{"line":17,"column":7}},"8":{"start":{"line":16,"column":8},"end":{"line":16,"column":19}},"9":{"start":{"line":21,"column":2},"end":{"line":33,"column":15}},"10":{"start":{"line":22,"column":19},"end":{"line":22,"column":36}},"11":{"start":{"line":23,"column":4},"end":{"line":28,"column":5}},"12":{"start":{"line":24,"column":6},"end":{"line":26,"column":9}},"13":{"start":{"line":27,"column":6},"end":{"line":27,"column":42}},"14":{"start":{"line":30,"column":4},"end":{"line":32,"column":6}},"15":{"start":{"line":31,"column":6},"end":{"line":31,"column":44}},"16":{"start":{"line":35,"column":2},"end":{"line":48,"column":4}},"17":{"start":{"line":39,"column":10},"end":{"line":41,"column":16}}},"fnMap":{"0":{"name":"(anonymous_0)","decl":{"start":{"line":5,"column":18},"end":{"line":5,"column":19}},"loc":{"start":{"line":5,"column":53},"end":{"line":49,"column":1}},"line":5},"1":{"name":"(anonymous_1)","decl":{"start":{"line":13,"column":29},"end":{"line":13,"column":30}},"loc":{"start":{"line":13,"column":42},"end":{"line":19,"column":3}},"line":13},"2":{"name":"(anonymous_2)","decl":{"start":{"line":21,"column":12},"end":{"line":21,"column":13}},"loc":{"start":{"line":21,"column":18},"end":{"line":33,"column":3}},"line":21},"3":{"name":"(anonymous_3)","decl":{"start":{"line":30,"column":11},"end":{"line":30,"column":12}},"loc":{"start":{"line":30,"column":17},"end":{"line":32,"column":5}},"line":30},"4":{"name":"(anonymous_4)","decl":{"start":{"line":38,"column":20},"end":{"line":38,"column":21}},"loc":{"start":{"line":39,"column":10},"end":{"line":41,"column":16}},"line":39}},"branchMap":{"0":{"loc":{"start":{"line":6,"column":2},"end":{"line":8,"column":3}},"type":"if","locations":[{"start":{"line":6,"column":2},"end":{"line":8,"column":3}},{"start":{"line":6,"column":2},"end":{"line":8,"column":3}}],"line":6},"1":{"loc":{"start":{"line":14,"column":4},"end":{"line":18,"column":5}},"type":"if","locations":[{"start":{"line":14,"column":4},"end":{"line":18,"column":5}},{"start":{"line":14,"column":4},"end":{"line":18,"column":5}}],"line":14},"2":{"loc":{"start":{"line":15,"column":6},"end":{"line":17,"column":7}},"type":"if","locations":[{"start":{"line":15,"column":6},"end":{"line":17,"column":7}},{"start":{"line":15,"column":6},"end":{"line":17,"column":7}}],"line":15},"3":{"loc":{"start":{"line":23,"column":4},"end":{"line":28,"column":5}},"type":"if","locations":[{"start":{"line":23,"column":4},"end":{"line":28,"column":5}},{"start":{"line":23,"column":4},"end":{"line":28,"column":5}}],"line":23}},"s":{"0":3,"1":3,"2":2,"3":1,"4":1,"5":1,"6":0,"7":0,"8":0,"9":1,"10":1,"11":1,"12":0,"13":0,"14":1,"15":0,"16":1,"17":1},"f":{"0":3,"1":0,"2":1,"3":0,"4":1},"b":{"0":[2,1],"1":[0,0],"2":[0,0],"3":[0,1]},"_coverageSchema":"1a1c01bbd47fc00a2c39e90264f33305004495a9","hash":"d70c56471e9bf5646564be9581af4312183ce43b"}
,"/Users/wycliffkasirye/Desktop/projects/MoviesDatabase/src/reducers/genreReducer.js": {"path":"/Users/wycliffkasirye/Desktop/projects/MoviesDatabase/src/reducers/genreReducer.js","statementMap":{"0":{"start":{"line":1,"column":22},"end":{"line":20,"column":1}},"1":{"start":{"line":2,"column":2},"end":{"line":19,"column":3}},"2":{"start":{"line":4,"column":6},"end":{"line":8,"column":8}},"3":{"start":{"line":11,"column":6},"end":{"line":14,"column":8}},"4":{"start":{"line":17,"column":6},"end":{"line":17,"column":19}},"5":{"start":{"line":22,"column":21},"end":{"line":25,"column":1}},"6":{"start":{"line":27,"column":49},"end":{"line":27,"column":77}}},"fnMap":{"0":{"name":"(anonymous_0)","decl":{"start":{"line":1,"column":22},"end":{"line":1,"column":23}},"loc":{"start":{"line":1,"column":41},"end":{"line":20,"column":1}},"line":1},"1":{"name":"(anonymous_1)","decl":{"start":{"line":27,"column":15},"end":{"line":27,"column":16}},"loc":{"start":{"line":27,"column":49},"end":{"line":27,"column":77}},"line":27}},"branchMap":{"0":{"loc":{"start":{"line":2,"column":2},"end":{"line":19,"column":3}},"type":"switch","locations":[{"start":{"line":3,"column":4},"end":{"line":9,"column":5}},{"start":{"line":10,"column":4},"end":{"line":15,"column":5}},{"start":{"line":16,"column":4},"end":{"line":18,"column":5}}],"line":2},"1":{"loc":{"start":{"line":27,"column":16},"end":{"line":27,"column":36}},"type":"default-arg","locations":[{"start":{"line":27,"column":24},"end":{"line":27,"column":36}}],"line":27}},"s":{"0":3,"1":9,"2":1,"3":1,"4":7,"5":3,"6":9},"f":{"0":9,"1":9},"b":{"0":[1,1,7],"1":[6]},"_coverageSchema":"1a1c01bbd47fc00a2c39e90264f33305004495a9","hash":"f91fc1d7bd03b453b4f901c554801361f1c2f1ad"}
,"/Users/wycliffkasirye/Desktop/projects/MoviesDatabase/src/reducers/movieReducer.js": {"path":"/Users/wycliffkasirye/Desktop/projects/MoviesDatabase/src/reducers/movieReducer.js","statementMap":{"0":{"start":{"line":1,"column":22},"end":{"line":39,"column":1}},"1":{"start":{"line":2,"column":2},"end":{"line":38,"column":3}},"2":{"start":{"line":4,"column":6},"end":{"line":8,"column":8}},"3":{"start":{"line":11,"column":6},"end":{"line":15,"column":8}},"4":{"start":{"line":18,"column":6},"end":{"line":21,"column":8}},"5":{"start":{"line":24,"column":6},"end":{"line":27,"column":8}},"6":{"start":{"line":30,"column":6},"end":{"line":33,"column":8}},"7":{"start":{"line":36,"column":6},"end":{"line":36,"column":19}},"8":{"start":{"line":41,"column":21},"end":{"line":45,"column":1}},"9":{"start":{"line":47,"column":49},"end":{"line":47,"column":77}}},"fnMap":{"0":{"name":"(anonymous_0)","decl":{"start":{"line":1,"column":22},"end":{"line":1,"column":23}},"loc":{"start":{"line":1,"column":41},"end":{"line":39,"column":1}},"line":1},"1":{"name":"(anonymous_1)","decl":{"start":{"line":47,"column":15},"end":{"line":47,"column":16}},"loc":{"start":{"line":47,"column":49},"end":{"line":47,"column":77}},"line":47}},"branchMap":{"0":{"loc":{"start":{"line":2,"column":2},"end":{"line":38,"column":3}},"type":"switch","locations":[{"start":{"line":3,"column":4},"end":{"line":9,"column":5}},{"start":{"line":10,"column":4},"end":{"line":16,"column":5}},{"start":{"line":17,"column":4},"end":{"line":22,"column":5}},{"start":{"line":23,"column":4},"end":{"line":28,"column":5}},{"start":{"line":29,"column":4},"end":{"line":34,"column":5}},{"start":{"line":35,"column":4},"end":{"line":37,"column":5}}],"line":2},"1":{"loc":{"start":{"line":47,"column":16},"end":{"line":47,"column":36}},"type":"default-arg","locations":[{"start":{"line":47,"column":24},"end":{"line":47,"column":36}}],"line":47}},"s":{"0":3,"1":10,"2":1,"3":0,"4":1,"5":1,"6":0,"7":7,"8":3,"9":10},"f":{"0":10,"1":10},"b":{"0":[1,0,1,1,0,7],"1":[6]},"_coverageSchema":"1a1c01bbd47fc00a2c39e90264f33305004495a9","hash":"a3f4b49aec0bc2f417cf758c630ea4c6b73b1116"}
,"/Users/wycliffkasirye/Desktop/projects/MoviesDatabase/src/reducers/rootReducer.js": {"path":"/Users/wycliffkasirye/Desktop/projects/MoviesDatabase/src/reducers/rootReducer.js","statementMap":{},"fnMap":{},"branchMap":{},"s":{},"f":{},"b":{},"_coverageSchema":"1a1c01bbd47fc00a2c39e90264f33305004495a9","hash":"e5135d697c3dd3dfaf0f6ebd1e1ea35809900d5c"}
,"/Users/wycliffkasirye/Desktop/projects/MoviesDatabase/src/utils/Loader.js": {"path":"/Users/wycliffkasirye/Desktop/projects/MoviesDatabase/src/utils/Loader.js","statementMap":{"0":{"start":{"line":3,"column":15},"end":{"line":5,"column":1}},"1":{"start":{"line":4,"column":4},"end":{"line":4,"column":44}}},"fnMap":{"0":{"name":"(anonymous_0)","decl":{"start":{"line":3,"column":15},"end":{"line":3,"column":16}},"loc":{"start":{"line":4,"column":4},"end":{"line":4,"column":44}},"line":4}},"branchMap":{},"s":{"0":5,"1":4},"f":{"0":4},"b":{},"_coverageSchema":"1a1c01bbd47fc00a2c39e90264f33305004495a9","hash":"7c0c14e6a6c78a9722d2d17faa524a7ae1966017"}
}
