{"/Users/wycliffkasirye/Desktop/projects/MoviesDatabase/src/App.js": {"path":"/Users/wycliffkasirye/Desktop/projects/MoviesDatabase/src/App.js","statementMap":{"0":{"start":{"line":12,"column":4},"end":{"line":23,"column":6}}},"fnMap":{"0":{"name":"(anonymous_0)","decl":{"start":{"line":11,"column":2},"end":{"line":11,"column":3}},"loc":{"start":{"line":11,"column":11},"end":{"line":24,"column":3}},"line":11}},"branchMap":{},"s":{"0":1},"f":{"0":1},"b":{},"_coverageSchema":"1a1c01bbd47fc00a2c39e90264f33305004495a9","hash":"f30599f0236a86b9c81adf5b3ed51f70ca067520"}
,"/Users/wycliffkasirye/Desktop/projects/MoviesDatabase/src/actions/getGenres.js": {"path":"/Users/wycliffkasirye/Desktop/projects/MoviesDatabase/src/actions/getGenres.js","statementMap":{"0":{"start":{"line":1,"column":13},"end":{"line":1,"column":47}},"1":{"start":{"line":2,"column":18},"end":{"line":2,"column":95}},"2":{"start":{"line":6,"column":14},"end":{"line":25,"column":1}},"3":{"start":{"line":8,"column":4},"end":{"line":23,"column":5}},"4":{"start":{"line":9,"column":8},"end":{"line":22,"column":10}},"5":{"start":{"line":11,"column":12},"end":{"line":11,"column":41}},"6":{"start":{"line":12,"column":12},"end":{"line":15,"column":15}},"7":{"start":{"line":18,"column":12},"end":{"line":21,"column":14}}},"fnMap":{"0":{"name":"(anonymous_0)","decl":{"start":{"line":6,"column":14},"end":{"line":6,"column":15}},"loc":{"start":{"line":6,"column":19},"end":{"line":25,"column":1}},"line":6},"1":{"name":"(anonymous_1)","decl":{"start":{"line":8,"column":11},"end":{"line":8,"column":12}},"loc":{"start":{"line":8,"column":24},"end":{"line":23,"column":5}},"line":8},"2":{"name":"(anonymous_2)","decl":{"start":{"line":10,"column":14},"end":{"line":10,"column":15}},"loc":{"start":{"line":10,"column":21},"end":{"line":16,"column":9}},"line":10},"3":{"name":"(anonymous_3)","decl":{"start":{"line":17,"column":15},"end":{"line":17,"column":16}},"loc":{"start":{"line":17,"column":21},"end":{"line":22,"column":9}},"line":17}},"branchMap":{},"s":{"0":2,"1":2,"2":2,"3":0,"4":0,"5":0,"6":0,"7":0},"f":{"0":0,"1":0,"2":0,"3":0},"b":{},"_coverageSchema":"1a1c01bbd47fc00a2c39e90264f33305004495a9","hash":"929b81f26f473ab33f385376927c8b21707e3b56"}
,"/Users/wycliffkasirye/Desktop/projects/MoviesDatabase/src/actions/getMovie.js": {"path":"/Users/wycliffkasirye/Desktop/projects/MoviesDatabase/src/actions/getMovie.js","statementMap":{"0":{"start":{"line":1,"column":12},"end":{"line":1,"column":46}},"1":{"start":{"line":5,"column":21},"end":{"line":24,"column":1}},"2":{"start":{"line":6,"column":20},"end":{"line":6,"column":123}},"3":{"start":{"line":7,"column":2},"end":{"line":23,"column":4}},"4":{"start":{"line":8,"column":4},"end":{"line":22,"column":9}},"5":{"start":{"line":11,"column":8},"end":{"line":11,"column":47}},"6":{"start":{"line":12,"column":8},"end":{"line":15,"column":11}},"7":{"start":{"line":18,"column":8},"end":{"line":21,"column":11}}},"fnMap":{"0":{"name":"(anonymous_0)","decl":{"start":{"line":5,"column":21},"end":{"line":5,"column":22}},"loc":{"start":{"line":5,"column":32},"end":{"line":24,"column":1}},"line":5},"1":{"name":"(anonymous_1)","decl":{"start":{"line":7,"column":9},"end":{"line":7,"column":10}},"loc":{"start":{"line":7,"column":21},"end":{"line":23,"column":3}},"line":7},"2":{"name":"(anonymous_2)","decl":{"start":{"line":10,"column":12},"end":{"line":10,"column":13}},"loc":{"start":{"line":10,"column":20},"end":{"line":16,"column":7}},"line":10},"3":{"name":"(anonymous_3)","decl":{"start":{"line":17,"column":13},"end":{"line":17,"column":14}},"loc":{"start":{"line":17,"column":22},"end":{"line":22,"column":7}},"line":17}},"branchMap":{},"s":{"0":2,"1":2,"2":0,"3":0,"4":0,"5":0,"6":0,"7":0},"f":{"0":0,"1":0,"2":0,"3":0},"b":{},"_coverageSchema":"1a1c01bbd47fc00a2c39e90264f33305004495a9","hash":"b1cb7e896c6af4ba592f09f3dc80574ed73dd60e"}
,"/Users/wycliffkasirye/Desktop/projects/MoviesDatabase/src/actions/getMovies.js": {"path":"/Users/wycliffkasirye/Desktop/projects/MoviesDatabase/src/actions/getMovies.js","statementMap":{"0":{"start":{"line":1,"column":12},"end":{"line":1,"column":46}},"1":{"start":{"line":2,"column":18},"end":{"line":2,"column":106}},"2":{"start":{"line":5,"column":18},"end":{"line":22,"column":1}},"3":{"start":{"line":6,"column":2},"end":{"line":21,"column":4}},"4":{"start":{"line":7,"column":4},"end":{"line":20,"column":9}},"5":{"start":{"line":10,"column":8},"end":{"line":13,"column":11}},"6":{"start":{"line":16,"column":8},"end":{"line":19,"column":11}}},"fnMap":{"0":{"name":"(anonymous_0)","decl":{"start":{"line":5,"column":18},"end":{"line":5,"column":19}},"loc":{"start":{"line":5,"column":32},"end":{"line":22,"column":1}},"line":5},"1":{"name":"(anonymous_1)","decl":{"start":{"line":6,"column":9},"end":{"line":6,"column":10}},"loc":{"start":{"line":6,"column":21},"end":{"line":21,"column":3}},"line":6},"2":{"name":"(anonymous_2)","decl":{"start":{"line":9,"column":12},"end":{"line":9,"column":13}},"loc":{"start":{"line":9,"column":20},"end":{"line":14,"column":7}},"line":9},"3":{"name":"(anonymous_3)","decl":{"start":{"line":15,"column":13},"end":{"line":15,"column":14}},"loc":{"start":{"line":15,"column":18},"end":{"line":20,"column":7}},"line":15}},"branchMap":{},"s":{"0":2,"1":2,"2":2,"3":0,"4":0,"5":0,"6":0},"f":{"0":0,"1":0,"2":0,"3":0},"b":{},"_coverageSchema":"1a1c01bbd47fc00a2c39e90264f33305004495a9","hash":"3b570a5619200c745d1f3b7f6058b992e0e29b64"}
,"/Users/wycliffkasirye/Desktop/projects/MoviesDatabase/src/actions/loadMore.js": {"path":"/Users/wycliffkasirye/Desktop/projects/MoviesDatabase/src/actions/loadMore.js","statementMap":{"0":{"start":{"line":1,"column":12},"end":{"line":1,"column":46}},"1":{"start":{"line":2,"column":18},"end":{"line":2,"column":106}},"2":{"start":{"line":5,"column":19},"end":{"line":22,"column":1}},"3":{"start":{"line":6,"column":2},"end":{"line":21,"column":4}},"4":{"start":{"line":7,"column":4},"end":{"line":20,"column":9}},"5":{"start":{"line":10,"column":8},"end":{"line":13,"column":11}},"6":{"start":{"line":16,"column":8},"end":{"line":19,"column":11}}},"fnMap":{"0":{"name":"(anonymous_0)","decl":{"start":{"line":5,"column":19},"end":{"line":5,"column":20}},"loc":{"start":{"line":5,"column":33},"end":{"line":22,"column":1}},"line":5},"1":{"name":"(anonymous_1)","decl":{"start":{"line":6,"column":9},"end":{"line":6,"column":10}},"loc":{"start":{"line":6,"column":21},"end":{"line":21,"column":3}},"line":6},"2":{"name":"(anonymous_2)","decl":{"start":{"line":9,"column":12},"end":{"line":9,"column":13}},"loc":{"start":{"line":9,"column":20},"end":{"line":14,"column":7}},"line":9},"3":{"name":"(anonymous_3)","decl":{"start":{"line":15,"column":13},"end":{"line":15,"column":14}},"loc":{"start":{"line":15,"column":18},"end":{"line":20,"column":7}},"line":15}},"branchMap":{},"s":{"0":2,"1":2,"2":2,"3":0,"4":0,"5":0,"6":0},"f":{"0":0,"1":0,"2":0,"3":0},"b":{},"_coverageSchema":"1a1c01bbd47fc00a2c39e90264f33305004495a9","hash":"99140538abce1bc6f645c575d7ed5cb3309844f5"}
,"/Users/wycliffkasirye/Desktop/projects/MoviesDatabase/src/commons/Header.js": {"path":"/Users/wycliffkasirye/Desktop/projects/MoviesDatabase/src/commons/Header.js","statementMap":{"0":{"start":{"line":4,"column":15},"end":{"line":27,"column":1}},"1":{"start":{"line":5,"column":2},"end":{"line":26,"column":8}}},"fnMap":{"0":{"name":"(anonymous_0)","decl":{"start":{"line":4,"column":15},"end":{"line":4,"column":16}},"loc":{"start":{"line":5,"column":2},"end":{"line":26,"column":8}},"line":5}},"branchMap":{},"s":{"0":2,"1":1},"f":{"0":1},"b":{},"_coverageSchema":"1a1c01bbd47fc00a2c39e90264f33305004495a9","hash":"58be0e492a3559fe2c5ffa52df03225086f8be4f"}
,"/Users/wycliffkasirye/Desktop/projects/MoviesDatabase/src/components/Cart.js": {"path":"/Users/wycliffkasirye/Desktop/projects/MoviesDatabase/src/components/Cart.js","statementMap":{"0":{"start":{"line":5,"column":10},"end":{"line":7,"column":3}},"1":{"start":{"line":10,"column":19},"end":{"line":10,"column":61}},"2":{"start":{"line":11,"column":4},"end":{"line":11,"column":30}},"3":{"start":{"line":14,"column":4},"end":{"line":33,"column":6}},"4":{"start":{"line":18,"column":12},"end":{"line":24,"column":18}}},"fnMap":{"0":{"name":"(anonymous_0)","decl":{"start":{"line":9,"column":2},"end":{"line":9,"column":3}},"loc":{"start":{"line":9,"column":23},"end":{"line":12,"column":3}},"line":9},"1":{"name":"(anonymous_1)","decl":{"start":{"line":13,"column":2},"end":{"line":13,"column":3}},"loc":{"start":{"line":13,"column":11},"end":{"line":34,"column":3}},"line":13},"2":{"name":"(anonymous_2)","decl":{"start":{"line":17,"column":32},"end":{"line":17,"column":33}},"loc":{"start":{"line":18,"column":12},"end":{"line":24,"column":18}},"line":18}},"branchMap":{"0":{"loc":{"start":{"line":16,"column":9},"end":{"line":31,"column":9}},"type":"cond-expr","locations":[{"start":{"line":17,"column":10},"end":{"line":25,"column":12}},{"start":{"line":27,"column":10},"end":{"line":30,"column":16}}],"line":16},"1":{"loc":{"start":{"line":16,"column":9},"end":{"line":16,"column":54}},"type":"binary-expr","locations":[{"start":{"line":16,"column":9},"end":{"line":16,"column":26}},{"start":{"line":16,"column":30},"end":{"line":16,"column":54}}],"line":16}},"s":{"0":1,"1":1,"2":1,"3":2,"4":1},"f":{"0":1,"1":2,"2":1},"b":{"0":[1,1],"1":[2,1]},"_coverageSchema":"1a1c01bbd47fc00a2c39e90264f33305004495a9","hash":"61ec18f41a68d51f6477eac2a3cca26dfd25c5e1"}
,"/Users/wycliffkasirye/Desktop/projects/MoviesDatabase/src/components/Home.js": {"path":"/Users/wycliffkasirye/Desktop/projects/MoviesDatabase/src/components/Home.js","statementMap":{"0":{"start":{"line":11,"column":10},"end":{"line":15,"column":3}},"1":{"start":{"line":18,"column":26},"end":{"line":18,"column":36}},"2":{"start":{"line":19,"column":4},"end":{"line":19,"column":16}},"3":{"start":{"line":22,"column":27},"end":{"line":27,"column":3}},"4":{"start":{"line":23,"column":26},"end":{"line":23,"column":36}},"5":{"start":{"line":24,"column":21},"end":{"line":24,"column":39}},"6":{"start":{"line":25,"column":4},"end":{"line":25,"column":27}},"7":{"start":{"line":26,"column":4},"end":{"line":26,"column":48}},"8":{"start":{"line":29,"column":17},"end":{"line":36,"column":3}},"9":{"start":{"line":30,"column":4},"end":{"line":35,"column":6}},"10":{"start":{"line":31,"column":20},"end":{"line":31,"column":62}},"11":{"start":{"line":33,"column":8},"end":{"line":33,"column":72}},"12":{"start":{"line":39,"column":23},"end":{"line":39,"column":47}},"13":{"start":{"line":40,"column":32},"end":{"line":40,"column":55}},"14":{"start":{"line":42,"column":4},"end":{"line":84,"column":6}},"15":{"start":{"line":60,"column":16},"end":{"line":62,"column":25}},"16":{"start":{"line":88,"column":31},"end":{"line":91,"column":2}},"17":{"start":{"line":88,"column":69},"end":{"line":91,"column":1}},"18":{"start":{"line":92,"column":34},"end":{"line":96,"column":2}},"19":{"start":{"line":92,"column":47},"end":{"line":96,"column":1}},"20":{"start":{"line":93,"column":19},"end":{"line":93,"column":37}},"21":{"start":{"line":94,"column":27},"end":{"line":94,"column":53}},"22":{"start":{"line":95,"column":32},"end":{"line":95,"column":56}}},"fnMap":{"0":{"name":"(anonymous_0)","decl":{"start":{"line":17,"column":2},"end":{"line":17,"column":3}},"loc":{"start":{"line":17,"column":22},"end":{"line":20,"column":3}},"line":17},"1":{"name":"(anonymous_1)","decl":{"start":{"line":22,"column":27},"end":{"line":22,"column":28}},"loc":{"start":{"line":22,"column":36},"end":{"line":27,"column":3}},"line":22},"2":{"name":"(anonymous_2)","decl":{"start":{"line":29,"column":17},"end":{"line":29,"column":18}},"loc":{"start":{"line":29,"column":23},"end":{"line":36,"column":3}},"line":29},"3":{"name":"(anonymous_3)","decl":{"start":{"line":31,"column":6},"end":{"line":31,"column":7}},"loc":{"start":{"line":31,"column":20},"end":{"line":31,"column":62}},"line":31},"4":{"name":"(anonymous_4)","decl":{"start":{"line":32,"column":6},"end":{"line":32,"column":7}},"loc":{"start":{"line":32,"column":12},"end":{"line":34,"column":7}},"line":32},"5":{"name":"(anonymous_5)","decl":{"start":{"line":38,"column":2},"end":{"line":38,"column":3}},"loc":{"start":{"line":38,"column":11},"end":{"line":85,"column":3}},"line":38},"6":{"name":"(anonymous_6)","decl":{"start":{"line":59,"column":26},"end":{"line":59,"column":27}},"loc":{"start":{"line":60,"column":16},"end":{"line":62,"column":25}},"line":60},"7":{"name":"(anonymous_7)","decl":{"start":{"line":88,"column":31},"end":{"line":88,"column":32}},"loc":{"start":{"line":88,"column":69},"end":{"line":91,"column":1}},"line":88},"8":{"name":"(anonymous_8)","decl":{"start":{"line":92,"column":34},"end":{"line":92,"column":35}},"loc":{"start":{"line":92,"column":47},"end":{"line":96,"column":1}},"line":92},"9":{"name":"(anonymous_9)","decl":{"start":{"line":93,"column":13},"end":{"line":93,"column":14}},"loc":{"start":{"line":93,"column":19},"end":{"line":93,"column":37}},"line":93},"10":{"name":"(anonymous_10)","decl":{"start":{"line":94,"column":13},"end":{"line":94,"column":14}},"loc":{"start":{"line":94,"column":27},"end":{"line":94,"column":53}},"line":94},"11":{"name":"(anonymous_11)","decl":{"start":{"line":95,"column":18},"end":{"line":95,"column":19}},"loc":{"start":{"line":95,"column":32},"end":{"line":95,"column":56}},"line":95}},"branchMap":{"0":{"loc":{"start":{"line":68,"column":13},"end":{"line":80,"column":13}},"type":"cond-expr","locations":[{"start":{"line":69,"column":14},"end":{"line":73,"column":20}},{"start":{"line":75,"column":14},"end":{"line":79,"column":16}}],"line":68}},"s":{"0":1,"1":1,"2":1,"3":1,"4":2,"5":2,"6":2,"7":2,"8":1,"9":0,"10":0,"11":0,"12":3,"13":3,"14":3,"15":6,"16":2,"17":0,"18":2,"19":0,"20":0,"21":0,"22":0},"f":{"0":1,"1":2,"2":0,"3":0,"4":0,"5":3,"6":6,"7":0,"8":0,"9":0,"10":0,"11":0},"b":{"0":[1,2]},"_coverageSchema":"1a1c01bbd47fc00a2c39e90264f33305004495a9","hash":"aaa1e7a3671c9e55b5646ac14c4cc2477d986475"}
,"/Users/wycliffkasirye/Desktop/projects/MoviesDatabase/src/components/Movie.js": {"path":"/Users/wycliffkasirye/Desktop/projects/MoviesDatabase/src/components/Movie.js","statementMap":{"0":{"start":{"line":4,"column":14},"end":{"line":25,"column":1}},"1":{"start":{"line":5,"column":2},"end":{"line":24,"column":8}}},"fnMap":{"0":{"name":"(anonymous_0)","decl":{"start":{"line":4,"column":14},"end":{"line":4,"column":15}},"loc":{"start":{"line":5,"column":2},"end":{"line":24,"column":8}},"line":5}},"branchMap":{},"s":{"0":4,"1":1},"f":{"0":1},"b":{},"_coverageSchema":"1a1c01bbd47fc00a2c39e90264f33305004495a9","hash":"0c10710fc2370580cde3dc0b27924c2e0e62eaa3"}
,"/Users/wycliffkasirye/Desktop/projects/MoviesDatabase/src/components/MovieDetails.js": {"path":"/Users/wycliffkasirye/Desktop/projects/MoviesDatabase/src/components/MovieDetails.js","statementMap":{"0":{"start":{"line":6,"column":10},"end":{"line":8,"column":3}},"1":{"start":{"line":10,"column":22},"end":{"line":12,"column":10}},"2":{"start":{"line":13,"column":4},"end":{"line":13,"column":28}},"3":{"start":{"line":14,"column":4},"end":{"line":14,"column":64}},"4":{"start":{"line":15,"column":4},"end":{"line":15,"column":43}},"5":{"start":{"line":18,"column":4},"end":{"line":18,"column":52}},"6":{"start":{"line":21,"column":22},"end":{"line":21,"column":32}},"7":{"start":{"line":23,"column":4},"end":{"line":68,"column":6}},"8":{"start":{"line":59,"column":33},"end":{"line":59,"column":54}},"9":{"start":{"line":72,"column":31},"end":{"line":75,"column":2}},"10":{"start":{"line":72,"column":54},"end":{"line":75,"column":1}}},"fnMap":{"0":{"name":"(anonymous_0)","decl":{"start":{"line":9,"column":2},"end":{"line":9,"column":3}},"loc":{"start":{"line":9,"column":19},"end":{"line":16,"column":3}},"line":9},"1":{"name":"(anonymous_1)","decl":{"start":{"line":17,"column":2},"end":{"line":17,"column":3}},"loc":{"start":{"line":17,"column":30},"end":{"line":19,"column":3}},"line":17},"2":{"name":"(anonymous_2)","decl":{"start":{"line":20,"column":2},"end":{"line":20,"column":3}},"loc":{"start":{"line":20,"column":11},"end":{"line":69,"column":3}},"line":20},"3":{"name":"(anonymous_3)","decl":{"start":{"line":59,"column":27},"end":{"line":59,"column":28}},"loc":{"start":{"line":59,"column":33},"end":{"line":59,"column":54}},"line":59},"4":{"name":"(anonymous_4)","decl":{"start":{"line":72,"column":31},"end":{"line":72,"column":32}},"loc":{"start":{"line":72,"column":54},"end":{"line":75,"column":1}},"line":72}},"branchMap":{"0":{"loc":{"start":{"line":10,"column":22},"end":{"line":12,"column":10}},"type":"cond-expr","locations":[{"start":{"line":11,"column":8},"end":{"line":11,"column":50}},{"start":{"line":12,"column":8},"end":{"line":12,"column":10}}],"line":10},"1":{"loc":{"start":{"line":33,"column":18},"end":{"line":33,"column":50}},"type":"cond-expr","locations":[{"start":{"line":33,"column":26},"end":{"line":33,"column":43}},{"start":{"line":33,"column":46},"end":{"line":33,"column":50}}],"line":33}},"s":{"0":1,"1":1,"2":1,"3":1,"4":1,"5":1,"6":1,"7":1,"8":1,"9":2,"10":0},"f":{"0":1,"1":1,"2":1,"3":1,"4":0},"b":{"0":[0,1],"1":[1,0]},"_coverageSchema":"1a1c01bbd47fc00a2c39e90264f33305004495a9","hash":"9e0470c3a76aa3d540a3e515f58d5b1df1af49cf"}
,"/Users/wycliffkasirye/Desktop/projects/MoviesDatabase/src/components/MovieList.js": {"path":"/Users/wycliffkasirye/Desktop/projects/MoviesDatabase/src/components/MovieList.js","statementMap":{"0":{"start":{"line":5,"column":18},"end":{"line":49,"column":1}},"1":{"start":{"line":6,"column":2},"end":{"line":8,"column":3}},"2":{"start":{"line":7,"column":4},"end":{"line":7,"column":22}},"3":{"start":{"line":10,"column":20},"end":{"line":10,"column":28}},"4":{"start":{"line":11,"column":22},"end":{"line":11,"column":30}},"5":{"start":{"line":13,"column":29},"end":{"line":19,"column":3}},"6":{"start":{"line":14,"column":4},"end":{"line":18,"column":5}},"7":{"start":{"line":15,"column":6},"end":{"line":17,"column":7}},"8":{"start":{"line":16,"column":8},"end":{"line":16,"column":19}},"9":{"start":{"line":21,"column":2},"end":{"line":33,"column":15}},"10":{"start":{"line":22,"column":19},"end":{"line":22,"column":36}},"11":{"start":{"line":23,"column":4},"end":{"line":28,"column":5}},"12":{"start":{"line":24,"column":6},"end":{"line":26,"column":9}},"13":{"start":{"line":27,"column":6},"end":{"line":27,"column":42}},"14":{"start":{"line":30,"column":4},"end":{"line":32,"column":6}},"15":{"start":{"line":31,"column":6},"end":{"line":31,"column":44}},"16":{"start":{"line":35,"column":2},"end":{"line":48,"column":4}},"17":{"start":{"line":39,"column":10},"end":{"line":41,"column":16}}},"fnMap":{"0":{"name":"(anonymous_0)","decl":{"start":{"line":5,"column":18},"end":{"line":5,"column":19}},"loc":{"start":{"line":5,"column":53},"end":{"line":49,"column":1}},"line":5},"1":{"name":"(anonymous_1)","decl":{"start":{"line":13,"column":29},"end":{"line":13,"column":30}},"loc":{"start":{"line":13,"column":42},"end":{"line":19,"column":3}},"line":13},"2":{"name":"(anonymous_2)","decl":{"start":{"line":21,"column":12},"end":{"line":21,"column":13}},"loc":{"start":{"line":21,"column":18},"end":{"line":33,"column":3}},"line":21},"3":{"name":"(anonymous_3)","decl":{"start":{"line":30,"column":11},"end":{"line":30,"column":12}},"loc":{"start":{"line":30,"column":17},"end":{"line":32,"column":5}},"line":30},"4":{"name":"(anonymous_4)","decl":{"start":{"line":38,"column":20},"end":{"line":38,"column":21}},"loc":{"start":{"line":39,"column":10},"end":{"line":41,"column":16}},"line":39}},"branchMap":{"0":{"loc":{"start":{"line":6,"column":2},"end":{"line":8,"column":3}},"type":"if","locations":[{"start":{"line":6,"column":2},"end":{"line":8,"column":3}},{"start":{"line":6,"column":2},"end":{"line":8,"column":3}}],"line":6},"1":{"loc":{"start":{"line":14,"column":4},"end":{"line":18,"column":5}},"type":"if","locations":[{"start":{"line":14,"column":4},"end":{"line":18,"column":5}},{"start":{"line":14,"column":4},"end":{"line":18,"column":5}}],"line":14},"2":{"loc":{"start":{"line":15,"column":6},"end":{"line":17,"column":7}},"type":"if","locations":[{"start":{"line":15,"column":6},"end":{"line":17,"column":7}},{"start":{"line":15,"column":6},"end":{"line":17,"column":7}}],"line":15},"3":{"loc":{"start":{"line":23,"column":4},"end":{"line":28,"column":5}},"type":"if","locations":[{"start":{"line":23,"column":4},"end":{"line":28,"column":5}},{"start":{"line":23,"column":4},"end":{"line":28,"column":5}}],"line":23}},"s":{"0":3,"1":3,"2":2,"3":1,"4":1,"5":1,"6":0,"7":0,"8":0,"9":1,"10":1,"11":1,"12":0,"13":0,"14":1,"15":0,"16":1,"17":1},"f":{"0":3,"1":0,"2":1,"3":0,"4":1},"b":{"0":[2,1],"1":[0,0],"2":[0,0],"3":[0,1]},"_coverageSchema":"1a1c01bbd47fc00a2c39e90264f33305004495a9","hash":"d70c56471e9bf5646564be9581af4312183ce43b"}
,"/Users/wycliffkasirye/Desktop/projects/MoviesDatabase/src/reducers/genreReducer.js": {"path":"/Users/wycliffkasirye/Desktop/projects/MoviesDatabase/src/reducers/genreReducer.js","statementMap":{"0":{"start":{"line":2,"column":22},"end":{"line":27,"column":1}},"1":{"start":{"line":3,"column":4},"end":{"line":26,"column":5}},"2":{"start":{"line":6,"column":12},"end":{"line":13,"column":13}},"3":{"start":{"line":7,"column":16},"end":{"line":7,"column":65}},"4":{"start":{"line":8,"column":16},"end":{"line":12,"column":17}},"5":{"start":{"line":16,"column":12},"end":{"line":21,"column":13}},"6":{"start":{"line":17,"column":16},"end":{"line":20,"column":17}},"7":{"start":{"line":24,"column":12},"end":{"line":24,"column":25}},"8":{"start":{"line":29,"column":21},"end":{"line":32,"column":1}},"9":{"start":{"line":34,"column":50},"end":{"line":34,"column":78}}},"fnMap":{"0":{"name":"(anonymous_0)","decl":{"start":{"line":2,"column":22},"end":{"line":2,"column":23}},"loc":{"start":{"line":2,"column":41},"end":{"line":27,"column":1}},"line":2},"1":{"name":"(anonymous_1)","decl":{"start":{"line":34,"column":15},"end":{"line":34,"column":16}},"loc":{"start":{"line":34,"column":50},"end":{"line":34,"column":78}},"line":34}},"branchMap":{"0":{"loc":{"start":{"line":3,"column":4},"end":{"line":26,"column":5}},"type":"switch","locations":[{"start":{"line":5,"column":8},"end":{"line":14,"column":9}},{"start":{"line":15,"column":8},"end":{"line":22,"column":9}},{"start":{"line":23,"column":8},"end":{"line":25,"column":9}}],"line":3},"1":{"loc":{"start":{"line":6,"column":12},"end":{"line":13,"column":13}},"type":"if","locations":[{"start":{"line":6,"column":12},"end":{"line":13,"column":13}},{"start":{"line":6,"column":12},"end":{"line":13,"column":13}}],"line":6},"2":{"loc":{"start":{"line":16,"column":12},"end":{"line":21,"column":13}},"type":"if","locations":[{"start":{"line":16,"column":12},"end":{"line":21,"column":13}},{"start":{"line":16,"column":12},"end":{"line":21,"column":13}}],"line":16},"3":{"loc":{"start":{"line":34,"column":16},"end":{"line":34,"column":36}},"type":"default-arg","locations":[{"start":{"line":34,"column":24},"end":{"line":34,"column":36}}],"line":34}},"s":{"0":1,"1":3,"2":0,"3":0,"4":0,"5":0,"6":0,"7":3,"8":1,"9":3},"f":{"0":3,"1":3},"b":{"0":[0,0,3],"1":[0,0],"2":[0,0],"3":[3]},"_coverageSchema":"1a1c01bbd47fc00a2c39e90264f33305004495a9","hash":"22fb1c19643c64c340a7f8df2b983b6c191410f9"}
,"/Users/wycliffkasirye/Desktop/projects/MoviesDatabase/src/reducers/movieReducer.js": {"path":"/Users/wycliffkasirye/Desktop/projects/MoviesDatabase/src/reducers/movieReducer.js","statementMap":{"0":{"start":{"line":1,"column":22},"end":{"line":53,"column":1}},"1":{"start":{"line":2,"column":2},"end":{"line":52,"column":3}},"2":{"start":{"line":4,"column":6},"end":{"line":11,"column":7}},"3":{"start":{"line":5,"column":8},"end":{"line":10,"column":10}},"4":{"start":{"line":14,"column":6},"end":{"line":22,"column":7}},"5":{"start":{"line":15,"column":8},"end":{"line":15,"column":47}},"6":{"start":{"line":16,"column":8},"end":{"line":21,"column":10}},"7":{"start":{"line":25,"column":6},"end":{"line":30,"column":7}},"8":{"start":{"line":26,"column":8},"end":{"line":29,"column":10}},"9":{"start":{"line":33,"column":6},"end":{"line":38,"column":7}},"10":{"start":{"line":34,"column":8},"end":{"line":37,"column":10}},"11":{"start":{"line":41,"column":6},"end":{"line":47,"column":7}},"12":{"start":{"line":42,"column":8},"end":{"line":42,"column":64}},"13":{"start":{"line":43,"column":8},"end":{"line":46,"column":10}},"14":{"start":{"line":50,"column":6},"end":{"line":50,"column":19}},"15":{"start":{"line":55,"column":21},"end":{"line":59,"column":1}},"16":{"start":{"line":61,"column":49},"end":{"line":61,"column":77}}},"fnMap":{"0":{"name":"(anonymous_0)","decl":{"start":{"line":1,"column":22},"end":{"line":1,"column":23}},"loc":{"start":{"line":1,"column":41},"end":{"line":53,"column":1}},"line":1},"1":{"name":"(anonymous_1)","decl":{"start":{"line":61,"column":15},"end":{"line":61,"column":16}},"loc":{"start":{"line":61,"column":49},"end":{"line":61,"column":77}},"line":61}},"branchMap":{"0":{"loc":{"start":{"line":2,"column":2},"end":{"line":52,"column":3}},"type":"switch","locations":[{"start":{"line":3,"column":4},"end":{"line":12,"column":5}},{"start":{"line":13,"column":4},"end":{"line":23,"column":5}},{"start":{"line":24,"column":4},"end":{"line":31,"column":5}},{"start":{"line":32,"column":4},"end":{"line":39,"column":5}},{"start":{"line":40,"column":4},"end":{"line":48,"column":5}},{"start":{"line":49,"column":4},"end":{"line":51,"column":5}}],"line":2},"1":{"loc":{"start":{"line":4,"column":6},"end":{"line":11,"column":7}},"type":"if","locations":[{"start":{"line":4,"column":6},"end":{"line":11,"column":7}},{"start":{"line":4,"column":6},"end":{"line":11,"column":7}}],"line":4},"2":{"loc":{"start":{"line":14,"column":6},"end":{"line":22,"column":7}},"type":"if","locations":[{"start":{"line":14,"column":6},"end":{"line":22,"column":7}},{"start":{"line":14,"column":6},"end":{"line":22,"column":7}}],"line":14},"3":{"loc":{"start":{"line":25,"column":6},"end":{"line":30,"column":7}},"type":"if","locations":[{"start":{"line":25,"column":6},"end":{"line":30,"column":7}},{"start":{"line":25,"column":6},"end":{"line":30,"column":7}}],"line":25},"4":{"loc":{"start":{"line":33,"column":6},"end":{"line":38,"column":7}},"type":"if","locations":[{"start":{"line":33,"column":6},"end":{"line":38,"column":7}},{"start":{"line":33,"column":6},"end":{"line":38,"column":7}}],"line":33},"5":{"loc":{"start":{"line":41,"column":6},"end":{"line":47,"column":7}},"type":"if","locations":[{"start":{"line":41,"column":6},"end":{"line":47,"column":7}},{"start":{"line":41,"column":6},"end":{"line":47,"column":7}}],"line":41},"6":{"loc":{"start":{"line":61,"column":16},"end":{"line":61,"column":36}},"type":"default-arg","locations":[{"start":{"line":61,"column":24},"end":{"line":61,"column":36}}],"line":61}},"s":{"0":1,"1":3,"2":0,"3":0,"4":0,"5":0,"6":0,"7":0,"8":0,"9":0,"10":0,"11":0,"12":0,"13":0,"14":3,"15":1,"16":3},"f":{"0":3,"1":3},"b":{"0":[0,0,0,0,0,3],"1":[0,0],"2":[0,0],"3":[0,0],"4":[0,0],"5":[0,0],"6":[3]},"_coverageSchema":"1a1c01bbd47fc00a2c39e90264f33305004495a9","hash":"b17c8ec8471ec474384f4b95549bf3952cd731ed"}
,"/Users/wycliffkasirye/Desktop/projects/MoviesDatabase/src/reducers/rootReducer.js": {"path":"/Users/wycliffkasirye/Desktop/projects/MoviesDatabase/src/reducers/rootReducer.js","statementMap":{},"fnMap":{},"branchMap":{},"s":{},"f":{},"b":{},"_coverageSchema":"1a1c01bbd47fc00a2c39e90264f33305004495a9","hash":"e5135d697c3dd3dfaf0f6ebd1e1ea35809900d5c"}
,"/Users/wycliffkasirye/Desktop/projects/MoviesDatabase/src/utils/Loader.js": {"path":"/Users/wycliffkasirye/Desktop/projects/MoviesDatabase/src/utils/Loader.js","statementMap":{"0":{"start":{"line":3,"column":15},"end":{"line":5,"column":1}},"1":{"start":{"line":4,"column":4},"end":{"line":4,"column":44}}},"fnMap":{"0":{"name":"(anonymous_0)","decl":{"start":{"line":3,"column":15},"end":{"line":3,"column":16}},"loc":{"start":{"line":4,"column":4},"end":{"line":4,"column":44}},"line":4}},"branchMap":{},"s":{"0":4,"1":4},"f":{"0":4},"b":{},"_coverageSchema":"1a1c01bbd47fc00a2c39e90264f33305004495a9","hash":"7c0c14e6a6c78a9722d2d17faa524a7ae1966017"}
}
