TN:
SF:src/App.js
FN:11,(anonymous_0)
FNF:1
FNH:1
FNDA:1,(anonymous_0)
DA:12,1
LF:1
LH:1
BRF:0
BRH:0
end_of_record
TN:
SF:src/actions/getGenres.js
FN:6,(anonymous_0)
FN:8,(anonymous_1)
FN:10,(anonymous_2)
FN:17,(anonymous_3)
FNF:4
FNH:0
FNDA:0,(anonymous_0)
FNDA:0,(anonymous_1)
FNDA:0,(anonymous_2)
FNDA:0,(anonymous_3)
DA:1,2
DA:2,2
DA:6,2
DA:8,0
DA:9,0
DA:11,0
DA:12,0
DA:18,0
LF:8
LH:3
BRF:0
BRH:0
end_of_record
TN:
SF:src/actions/getMovie.js
FN:5,(anonymous_0)
FN:7,(anonymous_1)
FN:10,(anonymous_2)
FN:17,(anonymous_3)
FNF:4
FNH:0
FNDA:0,(anonymous_0)
FNDA:0,(anonymous_1)
FNDA:0,(anonymous_2)
FNDA:0,(anonymous_3)
DA:1,2
DA:5,2
DA:6,0
DA:7,0
DA:8,0
DA:11,0
DA:12,0
DA:18,0
LF:8
LH:2
BRF:0
BRH:0
end_of_record
TN:
SF:src/actions/getMovies.js
FN:5,(anonymous_0)
FN:6,(anonymous_1)
FN:9,(anonymous_2)
FN:15,(anonymous_3)
FNF:4
FNH:0
FNDA:0,(anonymous_0)
FNDA:0,(anonymous_1)
FNDA:0,(anonymous_2)
FNDA:0,(anonymous_3)
DA:1,2
DA:2,2
DA:5,2
DA:6,0
DA:7,0
DA:10,0
DA:16,0
LF:7
LH:3
BRF:0
BRH:0
end_of_record
TN:
SF:src/actions/loadMore.js
FN:5,(anonymous_0)
FN:6,(anonymous_1)
FN:9,(anonymous_2)
FN:15,(anonymous_3)
FNF:4
FNH:0
FNDA:0,(anonymous_0)
FNDA:0,(anonymous_1)
FNDA:0,(anonymous_2)
FNDA:0,(anonymous_3)
DA:1,2
DA:2,2
DA:5,2
DA:6,0
DA:7,0
DA:10,0
DA:16,0
LF:7
LH:3
BRF:0
BRH:0
end_of_record
TN:
SF:src/commons/Header.js
FN:4,(anonymous_0)
FNF:1
FNH:1
FNDA:1,(anonymous_0)
DA:4,2
DA:5,1
LF:2
LH:2
BRF:0
BRH:0
end_of_record
TN:
SF:src/components/Cart.js
FN:9,(anonymous_0)
FN:13,(anonymous_1)
FN:17,(anonymous_2)
FNF:3
FNH:3
FNDA:1,(anonymous_0)
FNDA:2,(anonymous_1)
FNDA:1,(anonymous_2)
DA:5,1
DA:10,1
DA:11,1
DA:14,2
DA:18,1
LF:5
LH:5
BRDA:16,0,0,1
BRDA:16,0,1,1
BRDA:16,1,0,2
BRDA:16,1,1,1
BRF:4
BRH:4
end_of_record
TN:
SF:src/components/Home.js
FN:17,(anonymous_0)
FN:22,(anonymous_1)
FN:29,(anonymous_2)
FN:31,(anonymous_3)
FN:32,(anonymous_4)
FN:38,(anonymous_5)
FN:59,(anonymous_6)
FN:88,(anonymous_7)
FN:92,(anonymous_8)
FN:93,(anonymous_9)
FN:94,(anonymous_10)
FN:95,(anonymous_11)
FNF:12
FNH:4
FNDA:1,(anonymous_0)
FNDA:2,(anonymous_1)
FNDA:0,(anonymous_2)
FNDA:0,(anonymous_3)
FNDA:0,(anonymous_4)
FNDA:3,(anonymous_5)
FNDA:6,(anonymous_6)
FNDA:0,(anonymous_7)
FNDA:0,(anonymous_8)
FNDA:0,(anonymous_9)
FNDA:0,(anonymous_10)
FNDA:0,(anonymous_11)
DA:11,1
DA:18,1
DA:19,1
DA:22,1
DA:23,2
DA:24,2
DA:25,2
DA:26,2
DA:29,1
DA:30,0
DA:31,0
DA:33,0
DA:39,3
DA:40,3
DA:42,3
DA:60,6
DA:88,2
DA:92,2
DA:93,0
DA:94,0
DA:95,0
LF:21
LH:15
BRDA:68,0,0,1
BRDA:68,0,1,2
BRF:2
BRH:2
end_of_record
TN:
SF:src/components/Movie.js
FN:4,(anonymous_0)
FNF:1
FNH:1
FNDA:1,(anonymous_0)
DA:4,4
DA:5,1
LF:2
LH:2
BRF:0
BRH:0
end_of_record
TN:
SF:src/components/MovieDetails.js
FN:9,(anonymous_0)
FN:17,(anonymous_1)
FN:20,(anonymous_2)
FN:59,(anonymous_3)
FN:72,(anonymous_4)
FNF:5
FNH:4
FNDA:1,(anonymous_0)
FNDA:1,(anonymous_1)
FNDA:1,(anonymous_2)
FNDA:1,(anonymous_3)
FNDA:0,(anonymous_4)
DA:6,1
DA:10,1
DA:13,1
DA:14,1
DA:15,1
DA:18,1
DA:21,1
DA:23,1
DA:59,1
DA:72,2
LF:10
LH:10
BRDA:10,0,0,0
BRDA:10,0,1,1
BRDA:33,1,0,1
BRDA:33,1,1,0
BRF:4
BRH:2
end_of_record
TN:
SF:src/components/MovieList.js
FN:5,(anonymous_0)
FN:13,(anonymous_1)
FN:21,(anonymous_2)
FN:30,(anonymous_3)
FN:38,(anonymous_4)
FNF:5
FNH:3
FNDA:3,(anonymous_0)
FNDA:0,(anonymous_1)
FNDA:1,(anonymous_2)
FNDA:0,(anonymous_3)
FNDA:1,(anonymous_4)
DA:5,3
DA:6,3
DA:7,2
DA:10,1
DA:11,1
DA:13,1
DA:14,0
DA:15,0
DA:16,0
DA:21,1
DA:22,1
DA:23,1
DA:24,0
DA:27,0
DA:30,1
DA:31,0
DA:35,1
DA:39,1
LF:18
LH:12
BRDA:6,0,0,2
BRDA:6,0,1,1
BRDA:14,1,0,0
BRDA:14,1,1,0
BRDA:15,2,0,0
BRDA:15,2,1,0
BRDA:23,3,0,0
BRDA:23,3,1,1
BRF:8
BRH:3
end_of_record
TN:
SF:src/reducers/genreReducer.js
FN:2,(anonymous_0)
FN:34,(anonymous_1)
FNF:2
FNH:2
FNDA:3,(anonymous_0)
FNDA:3,(anonymous_1)
DA:2,1
DA:3,3
DA:6,0
DA:7,0
DA:8,0
DA:16,0
DA:17,0
DA:24,3
DA:29,1
DA:34,3
LF:10
LH:5
BRDA:3,0,0,0
BRDA:3,0,1,0
BRDA:3,0,2,3
BRDA:6,1,0,0
BRDA:6,1,1,0
BRDA:16,2,0,0
BRDA:16,2,1,0
BRDA:34,3,0,3
BRF:8
BRH:2
end_of_record
TN:
SF:src/reducers/movieReducer.js
FN:1,(anonymous_0)
FN:61,(anonymous_1)
FNF:2
FNH:2
FNDA:3,(anonymous_0)
FNDA:3,(anonymous_1)
DA:1,1
DA:2,3
DA:4,0
DA:5,0
DA:14,0
DA:15,0
DA:16,0
DA:25,0
DA:26,0
DA:33,0
DA:34,0
DA:41,0
DA:42,0
DA:43,0
DA:50,3
DA:55,1
DA:61,3
LF:17
LH:5
BRDA:2,0,0,0
BRDA:2,0,1,0
BRDA:2,0,2,0
BRDA:2,0,3,0
BRDA:2,0,4,0
BRDA:2,0,5,3
BRDA:4,1,0,0
BRDA:4,1,1,0
BRDA:14,2,0,0
BRDA:14,2,1,0
BRDA:25,3,0,0
BRDA:25,3,1,0
BRDA:33,4,0,0
BRDA:33,4,1,0
BRDA:41,5,0,0
BRDA:41,5,1,0
BRDA:61,6,0,3
BRF:17
BRH:2
end_of_record
TN:
SF:src/reducers/rootReducer.js
FNF:0
FNH:0
LF:0
LH:0
BRF:0
BRH:0
end_of_record
TN:
SF:src/utils/Loader.js
FN:3,(anonymous_0)
FNF:1
FNH:1
FNDA:4,(anonymous_0)
DA:3,4
DA:4,4
LF:2
LH:2
BRF:0
BRH:0
end_of_record
